<?xml version='1.0'?>
<ns2:test-suite xmlns:ns2='urn:model.allure.qatools.yandex.ru' start='1586528589085' stop='1586528598146'>
    <name>handle elements</name>
    <title>handle elements</title>
    <test-cases>
        <test-case start='1586528589085' status='passed' stop='1586528597425'>
            <name>verify URL &amp; elementS</name>
            <title>verify URL &amp; elementS</title>
            <labels>
                <label name='language' value='javascript'/>
                <label name='framework' value='wdio'/>
                <label name='thread' value='0-0'/>
            </labels>
            <parameters>
                <parameter kind='argument' name='browser' value='Chrome-19.2.0'/>
            </parameters>
            <steps>
                <step start='1586528589125' status='passed' stop='1586528597344'>
                    <name>undefined undefined</name>
                    <title>undefined undefined</title>
                    <attachments/>
                    <steps/>
                </step>
                <step start='1586528597348' status='passed' stop='1586528597352'>
                    <name>undefined undefined</name>
                    <title>undefined undefined</title>
                    <attachments/>
                    <steps/>
                </step>
                <step start='1586528597356' status='passed' stop='1586528597357'>
                    <name>undefined undefined</name>
                    <title>undefined undefined</title>
                    <attachments/>
                    <steps/>
                </step>
                <step start='1586528597367' status='passed' stop='1586528597372'>
                    <name>undefined undefined</name>
                    <title>undefined undefined</title>
                    <attachments/>
                    <steps/>
                </step>
                <step start='1586528597375' status='passed' stop='1586528597376'>
                    <name>undefined undefined</name>
                    <title>undefined undefined</title>
                    <attachments/>
                    <steps/>
                </step>
                <step start='1586528597381' status='passed' stop='1586528597425'>
                    <name>undefined undefined</name>
                    <title>undefined undefined</title>
                    <attachments/>
                    <steps/>
                </step>
            </steps>
            <attachments/>
        </test-case>
        <test-case start='1586528597426' status='failed' stop='1586528598145'>
            <name>verify checkbox element</name>
            <title>verify checkbox element</title>
            <labels>
                <label name='language' value='javascript'/>
                <label name='framework' value='wdio'/>
                <label name='thread' value='0-0'/>
            </labels>
            <parameters>
                <parameter kind='argument' name='browser' value='Chrome-19.2.0'/>
            </parameters>
            <steps>
                <step start='1586528597806' status='passed' stop='1586528597810'>
                    <name>undefined undefined</name>
                    <title>undefined undefined</title>
                    <attachments/>
                    <steps/>
                </step>
                <step start='1586528597817' status='passed' stop='1586528598144'>
                    <name>undefined undefined</name>
                    <title>undefined undefined</title>
                    <attachments/>
                    <steps/>
                </step>
            </steps>
            <attachments/>
            <failure>
                <message>expected 'http://the-internet.herokuapp.com/checkboxes' to equal 'http://the-internet.herokuapp.com//checkboxes'</message>
                <stack-trace>AssertionError: expected 'http://the-internet.herokuapp.com/checkboxes' to equal 'http://the-internet.herokuapp.com//checkboxes'
                    at Context.&lt;anonymous> (/Users/admin/Documents/project/webdriverio/webdriverio-framework/test/herokuapp_test.js:15:34)</stack-trace>
            </failure>
        </test-case>
    </test-cases>
</ns2:test-suite>