<?xml version='1.0'?>
<ns2:test-suite xmlns:ns2='urn:model.allure.qatools.yandex.ru' start='1586528529241' stop='1586528534975'>
    <name>handle elements</name>
    <title>handle elements</title>
    <test-cases>
        <test-case start='1586528529242' status='passed' stop='1586528534300'>
            <name>verify URL &amp; elementS</name>
            <title>verify URL &amp; elementS</title>
            <labels>
                <label name='language' value='javascript'/>
                <label name='framework' value='wdio'/>
                <label name='thread' value='0-0'/>
            </labels>
            <parameters>
                <parameter kind='argument' name='browser' value='Chrome-19.2.0'/>
            </parameters>
            <steps>
                <step start='1586528529274' status='passed' stop='1586528534213'>
                    <name>undefined undefined</name>
                    <title>undefined undefined</title>
                    <attachments/>
                    <steps/>
                </step>
                <step start='1586528534217' status='passed' stop='1586528534222'>
                    <name>undefined undefined</name>
                    <title>undefined undefined</title>
                    <attachments/>
                    <steps/>
                </step>
                <step start='1586528534226' status='passed' stop='1586528534227'>
                    <name>undefined undefined</name>
                    <title>undefined undefined</title>
                    <attachments/>
                    <steps/>
                </step>
                <step start='1586528534236' status='passed' stop='1586528534241'>
                    <name>undefined undefined</name>
                    <title>undefined undefined</title>
                    <attachments/>
                    <steps/>
                </step>
                <step start='1586528534244' status='passed' stop='1586528534245'>
                    <name>undefined undefined</name>
                    <title>undefined undefined</title>
                    <attachments/>
                    <steps/>
                </step>
                <step start='1586528534249' status='passed' stop='1586528534299'>
                    <name>undefined undefined</name>
                    <title>undefined undefined</title>
                    <attachments/>
                    <steps/>
                </step>
            </steps>
            <attachments/>
        </test-case>
        <test-case start='1586528534300' status='failed' stop='1586528534974'>
            <name>verify checkbox element</name>
            <title>verify checkbox element</title>
            <labels>
                <label name='language' value='javascript'/>
                <label name='framework' value='wdio'/>
                <label name='thread' value='0-0'/>
            </labels>
            <parameters>
                <parameter kind='argument' name='browser' value='Chrome-19.2.0'/>
            </parameters>
            <steps>
                <step start='1586528534688' status='passed' stop='1586528534693'>
                    <name>undefined undefined</name>
                    <title>undefined undefined</title>
                    <attachments/>
                    <steps/>
                </step>
                <step start='1586528534696' status='passed' stop='1586528534973'>
                    <name>undefined undefined</name>
                    <title>undefined undefined</title>
                    <attachments/>
                    <steps/>
                </step>
            </steps>
            <attachments/>
            <failure>
                <message>expected 'http://the-internet.herokuapp.com/checkboxes' to equal 'http://the-internet.herokuapp.com/'</message>
                <stack-trace>AssertionError: expected 'http://the-internet.herokuapp.com/checkboxes' to equal 'http://the-internet.herokuapp.com/'
                    at Context.&lt;anonymous> (/Users/admin/Documents/project/webdriverio/webdriverio-framework/test/herokuapp_test.js:15:34)</stack-trace>
            </failure>
        </test-case>
    </test-cases>
</ns2:test-suite>