<?xml version='1.0'?>
<ns2:test-suite xmlns:ns2='urn:model.allure.qatools.yandex.ru' start='1586528049607' stop='1586528063660'>
    <name>handle elements</name>
    <title>handle elements</title>
    <test-cases>
        <test-case start='1586528049607' status='failed' stop='1586528053323'>
            <name>verify URL &amp; elementS</name>
            <title>verify URL &amp; elementS</title>
            <labels>
                <label name='language' value='javascript'/>
                <label name='framework' value='wdio'/>
                <label name='thread' value='0-0'/>
            </labels>
            <parameters>
                <parameter kind='argument' name='browser' value='Chrome-19.2.0'/>
            </parameters>
            <steps>
                <step start='1586528049672' status='passed' stop='1586528052966'>
                    <name>undefined undefined</name>
                    <title>undefined undefined</title>
                    <attachments/>
                    <steps/>
                </step>
                <step start='1586528052969' status='passed' stop='1586528052975'>
                    <name>undefined undefined</name>
                    <title>undefined undefined</title>
                    <attachments/>
                    <steps/>
                </step>
                <step start='1586528052979' status='passed' stop='1586528053322'>
                    <name>undefined undefined</name>
                    <title>undefined undefined</title>
                    <attachments/>
                    <steps/>
                </step>
            </steps>
            <attachments/>
            <failure>
                <message>expected 'http://the-internet.herokuapp.com/' to equal 'http://the-internet.herokuapp.com'</message>
                <stack-trace>AssertionError: expected 'http://the-internet.herokuapp.com/' to equal 'http://the-internet.herokuapp.com'
                    at Context.&lt;anonymous> (/Users/admin/Documents/project/webdriverio/webdriverio-framework/test/herokuapp_test.js:8:34)</stack-trace>
            </failure>
        </test-case>
        <test-case start='1586528053324' status='broken' stop='1586528063659'>
            <name>verify checkbox element</name>
            <title>verify checkbox element</title>
            <labels>
                <label name='language' value='javascript'/>
                <label name='framework' value='wdio'/>
                <label name='thread' value='0-0'/>
            </labels>
            <parameters>
                <parameter kind='argument' name='browser' value='Chrome-19.2.0'/>
            </parameters>
            <steps>
                <step start='1586528053328' status='passed' stop='1586528053329'>
                    <name>undefined undefined</name>
                    <title>undefined undefined</title>
                    <attachments/>
                    <steps/>
                </step>
                <step start='1586528053338' status='passed' stop='1586528053339'>
                    <name>undefined undefined</name>
                    <title>undefined undefined</title>
                    <attachments/>
                    <steps/>
                </step>
                <step start='1586528053844' status='passed' stop='1586528053845'>
                    <name>undefined undefined</name>
                    <title>undefined undefined</title>
                    <attachments/>
                    <steps/>
                </step>
                <step start='1586528054342' status='passed' stop='1586528054343'>
                    <name>undefined undefined</name>
                    <title>undefined undefined</title>
                    <attachments/>
                    <steps/>
                </step>
                <step start='1586528054841' status='passed' stop='1586528054842'>
                    <name>undefined undefined</name>
                    <title>undefined undefined</title>
                    <attachments/>
                    <steps/>
                </step>
                <step start='1586528055341' status='passed' stop='1586528055343'>
                    <name>undefined undefined</name>
                    <title>undefined undefined</title>
                    <attachments/>
                    <steps/>
                </step>
                <step start='1586528055842' status='passed' stop='1586528055843'>
                    <name>undefined undefined</name>
                    <title>undefined undefined</title>
                    <attachments/>
                    <steps/>
                </step>
                <step start='1586528056341' status='passed' stop='1586528056343'>
                    <name>undefined undefined</name>
                    <title>undefined undefined</title>
                    <attachments/>
                    <steps/>
                </step>
                <step start='1586528056840' status='passed' stop='1586528056841'>
                    <name>undefined undefined</name>
                    <title>undefined undefined</title>
                    <attachments/>
                    <steps/>
                </step>
                <step start='1586528057341' status='passed' stop='1586528057342'>
                    <name>undefined undefined</name>
                    <title>undefined undefined</title>
                    <attachments/>
                    <steps/>
                </step>
                <step start='1586528057839' status='passed' stop='1586528057841'>
                    <name>undefined undefined</name>
                    <title>undefined undefined</title>
                    <attachments/>
                    <steps/>
                </step>
                <step start='1586528058341' status='passed' stop='1586528058342'>
                    <name>undefined undefined</name>
                    <title>undefined undefined</title>
                    <attachments/>
                    <steps/>
                </step>
                <step start='1586528058843' status='passed' stop='1586528058844'>
                    <name>undefined undefined</name>
                    <title>undefined undefined</title>
                    <attachments/>
                    <steps/>
                </step>
                <step start='1586528059340' status='passed' stop='1586528059341'>
                    <name>undefined undefined</name>
                    <title>undefined undefined</title>
                    <attachments/>
                    <steps/>
                </step>
                <step start='1586528059841' status='passed' stop='1586528059842'>
                    <name>undefined undefined</name>
                    <title>undefined undefined</title>
                    <attachments/>
                    <steps/>
                </step>
                <step start='1586528060340' status='passed' stop='1586528060342'>
                    <name>undefined undefined</name>
                    <title>undefined undefined</title>
                    <attachments/>
                    <steps/>
                </step>
                <step start='1586528060842' status='passed' stop='1586528060844'>
                    <name>undefined undefined</name>
                    <title>undefined undefined</title>
                    <attachments/>
                    <steps/>
                </step>
                <step start='1586528061340' status='passed' stop='1586528061342'>
                    <name>undefined undefined</name>
                    <title>undefined undefined</title>
                    <attachments/>
                    <steps/>
                </step>
                <step start='1586528061837' status='passed' stop='1586528061839'>
                    <name>undefined undefined</name>
                    <title>undefined undefined</title>
                    <attachments/>
                    <steps/>
                </step>
                <step start='1586528062340' status='passed' stop='1586528062341'>
                    <name>undefined undefined</name>
                    <title>undefined undefined</title>
                    <attachments/>
                    <steps/>
                </step>
                <step start='1586528062842' status='passed' stop='1586528062844'>
                    <name>undefined undefined</name>
                    <title>undefined undefined</title>
                    <attachments/>
                    <steps/>
                </step>
                <step start='1586528063341' status='passed' stop='1586528063658'>
                    <name>undefined undefined</name>
                    <title>undefined undefined</title>
                    <attachments/>
                    <steps/>
                </step>
            </steps>
            <attachments/>
            <failure>
                <message>element ("h3") still not displayed after 10000ms</message>
                <stack-trace>Error: element ("h3") still not displayed after 10000ms
                    at processTicksAndRejections (internal/process/task_queues.js:97:5)
                    at HerokuappPage.getHeaderTxt (/Users/admin/Documents/project/webdriverio/webdriverio-framework/pages/herokuapp.js:8:19)
                    at Context.&lt;anonymous> (/Users/admin/Documents/project/webdriverio/webdriverio-framework/test/herokuapp_test.js:24:39)</stack-trace>
            </failure>
        </test-case>
    </test-cases>
</ns2:test-suite>