<?xml version='1.0'?>
<ns2:test-suite xmlns:ns2='urn:model.allure.qatools.yandex.ru' start='1586528621784' stop='1586528628439'>
    <name>handle elements</name>
    <title>handle elements</title>
    <test-cases>
        <test-case start='1586528621785' status='failed' stop='1586528628119'>
            <name>verify URL &amp; elementS</name>
            <title>verify URL &amp; elementS</title>
            <labels>
                <label name='language' value='javascript'/>
                <label name='framework' value='wdio'/>
                <label name='thread' value='0-0'/>
            </labels>
            <parameters>
                <parameter kind='argument' name='browser' value='Chrome-19.2.0'/>
            </parameters>
            <steps>
                <step start='1586528621848' status='passed' stop='1586528627760'>
                    <name>undefined undefined</name>
                    <title>undefined undefined</title>
                    <attachments/>
                    <steps/>
                </step>
                <step start='1586528627763' status='passed' stop='1586528627769'>
                    <name>undefined undefined</name>
                    <title>undefined undefined</title>
                    <attachments/>
                    <steps/>
                </step>
                <step start='1586528627773' status='passed' stop='1586528628118'>
                    <name>undefined undefined</name>
                    <title>undefined undefined</title>
                    <attachments/>
                    <steps/>
                </step>
            </steps>
            <attachments/>
            <failure>
                <message>expected 'http://the-internet.herokuapp.com/' to equal 'http://the-internet.herokuapp.com'</message>
                <stack-trace>AssertionError: expected 'http://the-internet.herokuapp.com/' to equal 'http://the-internet.herokuapp.com'
                    at Context.&lt;anonymous> (/Users/admin/Documents/project/webdriverio/webdriverio-framework/test/herokuapp_test.js:9:34)</stack-trace>
            </failure>
        </test-case>
        <test-case start='1586528628120' status='failed' stop='1586528628438'>
            <name>verify checkbox element</name>
            <title>verify checkbox element</title>
            <labels>
                <label name='language' value='javascript'/>
                <label name='framework' value='wdio'/>
                <label name='thread' value='0-0'/>
            </labels>
            <parameters>
                <parameter kind='argument' name='browser' value='Chrome-19.2.0'/>
            </parameters>
            <steps>
                <step start='1586528628123' status='passed' stop='1586528628125'>
                    <name>undefined undefined</name>
                    <title>undefined undefined</title>
                    <attachments/>
                    <steps/>
                </step>
                <step start='1586528628127' status='passed' stop='1586528628438'>
                    <name>undefined undefined</name>
                    <title>undefined undefined</title>
                    <attachments/>
                    <steps/>
                </step>
            </steps>
            <attachments/>
            <failure>
                <message>expected 'http://the-internet.herokuapp.com/' to equal 'http://the-internet.herokuapp.com/checkboxes'</message>
                <stack-trace>AssertionError: expected 'http://the-internet.herokuapp.com/' to equal 'http://the-internet.herokuapp.com/checkboxes'
                    at Context.&lt;anonymous> (/Users/admin/Documents/project/webdriverio/webdriverio-framework/test/herokuapp_test.js:15:34)</stack-trace>
            </failure>
        </test-case>
    </test-cases>
</ns2:test-suite>