<?xml version='1.0'?>
<ns2:test-suite xmlns:ns2='urn:model.allure.qatools.yandex.ru' start='1586446838793' stop='1586446838821'>
    <name>Boolean Assertions of chai</name>
    <title>Boolean Assertions of chai</title>
    <test-cases>
        <test-case start='1586446838794' status='failed' stop='1586446838820'>
            <name>different type of boolean assertions</name>
            <title>different type of boolean assertions</title>
            <labels>
                <label name='language' value='javascript'/>
                <label name='framework' value='wdio'/>
                <label name='thread' value='0-0'/>
            </labels>
            <parameters>
                <parameter kind='argument' name='browser' value='Chrome-10.0.18363'/>
            </parameters>
            <steps/>
            <attachments/>
            <failure>
                <message>expected false not to be a boolean</message>
                <stack-trace>AssertionError: expected false not to be a boolean
                    at Context.&lt;anonymous> (D:\Java Script\Automation\webdriverio-framework\webdriverio-framework\javascriptpractice\chaiLibraries.js:61:29)
                    at Context.executeSync (D:\Java Script\Automation\webdriverio-framework\webdriverio-framework\node_modules\@wdio\sync\build\index.js:56:18)
                    at D:\Java Script\Automation\webdriverio-framework\webdriverio-framework\node_modules\@wdio\sync\build\index.js:82:70</stack-trace>
            </failure>
        </test-case>
    </test-cases>
</ns2:test-suite>