<?xml version='1.0'?>
<ns2:test-suite xmlns:ns2='urn:model.allure.qatools.yandex.ru' start='1586446152031' stop='1586446152055'>
    <name>Object Assertions of chai</name>
    <title>Object Assertions of chai</title>
    <test-cases>
        <test-case start='1586446152031' status='failed' stop='1586446152054'>
            <name>different type of object assertions</name>
            <title>different type of object assertions</title>
            <labels>
                <label name='language' value='javascript'/>
                <label name='framework' value='wdio'/>
                <label name='thread' value='0-0'/>
            </labels>
            <parameters>
                <parameter kind='argument' name='browser' value='Chrome-10.0.18363'/>
            </parameters>
            <steps/>
            <attachments/>
            <failure>
                <message>expected { name: 'Rama', age: 32 } not to be an object</message>
                <stack-trace>AssertionError: expected { name: 'Rama', age: 32 } not to be an object
                    at Context.&lt;anonymous> (D:\Java Script\Automation\webdriverio-framework\webdriverio-framework\javascriptpractice\chaiLibraries.js:38:31)
                    at Context.executeSync (D:\Java Script\Automation\webdriverio-framework\webdriverio-framework\node_modules\@wdio\sync\build\index.js:56:18)
                    at D:\Java Script\Automation\webdriverio-framework\webdriverio-framework\node_modules\@wdio\sync\build\index.js:82:70</stack-trace>
            </failure>
        </test-case>
    </test-cases>
</ns2:test-suite>